0 info it worked if it ends with ok
1 verbose cli [ '/home/yjutard/.nvm/versions/node/v6.9.1/bin/node',
1 verbose cli   '/home/yjutard/.nvm/versions/node/v6.9.1/bin/npm',
1 verbose cli   'start' ]
2 info using npm@3.10.8
3 info using node@v6.9.1
4 verbose run-script [ 'prestart', 'start', 'poststart' ]
5 info lifecycle web-tech-experiments@0.0.1~prestart: web-tech-experiments@0.0.1
6 silly lifecycle web-tech-experiments@0.0.1~prestart: no script for prestart, continuing
7 info lifecycle web-tech-experiments@0.0.1~start: web-tech-experiments@0.0.1
8 verbose lifecycle web-tech-experiments@0.0.1~start: unsafe-perm in lifecycle true
9 verbose lifecycle web-tech-experiments@0.0.1~start: PATH: /home/yjutard/.nvm/versions/node/v6.9.1/lib/node_modules/npm/bin/node-gyp-bin:/home/yjutard/work/src/web-tech-experiments/node_modules/.bin:/home/yjutard/.nvm/versions/node/v6.9.1/bin:/home/yjutard/work/src/virtualized-open-source-dev-env/bin:/home/yjutard/work/bin:/home/yjutard/.local/share/umake/bin:/usr/local/sbin:/usr/local/bin:/usr/sbin:/usr/bin:/sbin:/bin:/usr/games:/usr/local/games:/snap/bin:/usr/lib/jvm/java-8-oracle/bin:/usr/lib/jvm/java-8-oracle/db/bin:/usr/lib/jvm/java-8-oracle/jre/bin:/home/yjutard/.rvm/bin:/home/yjutard/.rvm/bin
10 verbose lifecycle web-tech-experiments@0.0.1~start: CWD: /home/yjutard/work/src/web-tech-experiments
11 silly lifecycle web-tech-experiments@0.0.1~start: Args: [ '-c', 'npm run puer' ]
12 silly lifecycle web-tech-experiments@0.0.1~start: Returned: code: 1  signal: null
13 info lifecycle web-tech-experiments@0.0.1~start: Failed to exec start script
14 verbose stack Error: web-tech-experiments@0.0.1 start: `npm run puer`
14 verbose stack Exit status 1
14 verbose stack     at EventEmitter.<anonymous> (/home/yjutard/.nvm/versions/node/v6.9.1/lib/node_modules/npm/lib/utils/lifecycle.js:255:16)
14 verbose stack     at emitTwo (events.js:106:13)
14 verbose stack     at EventEmitter.emit (events.js:191:7)
14 verbose stack     at ChildProcess.<anonymous> (/home/yjutard/.nvm/versions/node/v6.9.1/lib/node_modules/npm/lib/utils/spawn.js:40:14)
14 verbose stack     at emitTwo (events.js:106:13)
14 verbose stack     at ChildProcess.emit (events.js:191:7)
14 verbose stack     at maybeClose (internal/child_process.js:877:16)
14 verbose stack     at Process.ChildProcess._handle.onexit (internal/child_process.js:226:5)
15 verbose pkgid web-tech-experiments@0.0.1
16 verbose cwd /home/yjutard/work/src/web-tech-experiments
17 error Linux 4.4.0-47-generic
18 error argv "/home/yjutard/.nvm/versions/node/v6.9.1/bin/node" "/home/yjutard/.nvm/versions/node/v6.9.1/bin/npm" "start"
19 error node v6.9.1
20 error npm  v3.10.8
21 error code ELIFECYCLE
22 error web-tech-experiments@0.0.1 start: `npm run puer`
22 error Exit status 1
23 error Failed at the web-tech-experiments@0.0.1 start script 'npm run puer'.
23 error Make sure you have the latest version of node.js and npm installed.
23 error If you do, this is most likely a problem with the web-tech-experiments package,
23 error not with npm itself.
23 error Tell the author that this fails on your system:
23 error     npm run puer
23 error You can get information on how to open an issue for this project with:
23 error     npm bugs web-tech-experiments
23 error Or if that isn't available, you can get their info via:
23 error     npm owner ls web-tech-experiments
23 error There is likely additional logging output above.
24 verbose exit [ 1, true ]
